3/28/2023 3:22:05 AM	This log contains information about the import schema operation into project 'ECOMSYSTEM.Database' on computer 'RANDIMA' by user 'Randima'.
3/28/2023 3:22:05 AM	Import of database schema has started.
3/28/2023 3:22:09 AM	Gathering database options
3/28/2023 3:22:09 AM	Gathering users
3/28/2023 3:22:09 AM	Gathering roles
3/28/2023 3:22:09 AM	Gathering application roles
3/28/2023 3:22:09 AM	Gathering role memberships
3/28/2023 3:22:09 AM	Gathering filegroups
3/28/2023 3:22:09 AM	Gathering full-text catalogs
3/28/2023 3:22:09 AM	Gathering assemblies
3/28/2023 3:22:09 AM	Gathering certificates
3/28/2023 3:22:09 AM	Gathering asymmetric keys
3/28/2023 3:22:09 AM	Gathering symmetric keys
3/28/2023 3:22:09 AM	Gathering encrypted symmetric keys
3/28/2023 3:22:09 AM	Gathering schemas
3/28/2023 3:22:09 AM	Gathering XML schema collections
3/28/2023 3:22:09 AM	Gathering user-defined data types
3/28/2023 3:22:09 AM	Gathering user-defined types
3/28/2023 3:22:09 AM	Gathering table types
3/28/2023 3:22:09 AM	Gathering unique keys for table types
3/28/2023 3:22:09 AM	Gathering primary keys for table types
3/28/2023 3:22:09 AM	Gathering indexes for table types
3/28/2023 3:22:09 AM	Gathering check constraints for table types
3/28/2023 3:22:09 AM	Gathering default constraints for table types
3/28/2023 3:22:09 AM	Gathering partition functions
3/28/2023 3:22:09 AM	Gathering partition schemes
3/28/2023 3:22:09 AM	Gathering functions
3/28/2023 3:22:09 AM	Gathering encrypted functions
3/28/2023 3:22:09 AM	Gathering aggregates
3/28/2023 3:22:09 AM	Gathering procedures
3/28/2023 3:22:09 AM	Gathering encrypted procedures
3/28/2023 3:22:09 AM	Gathering tables
3/28/2023 3:22:09 AM	Gathering primary keys
3/28/2023 3:22:09 AM	Gathering unique constraints
3/28/2023 3:22:09 AM	Gathering foreign keys
3/28/2023 3:22:09 AM	Gathering default constraints
3/28/2023 3:22:09 AM	Gathering check constraints
3/28/2023 3:22:09 AM	Gathering views
3/28/2023 3:22:09 AM	Gathering encrypted views
3/28/2023 3:22:09 AM	Gathering indexes
3/28/2023 3:22:09 AM	Gathering statistics
3/28/2023 3:22:09 AM	Gathering full-text index stoplists
3/28/2023 3:22:09 AM	Gathering search property lists
3/28/2023 3:22:09 AM	Gathering search properties
3/28/2023 3:22:09 AM	Gathering full-text indexes
3/28/2023 3:22:09 AM	Gathering column store indexes
3/28/2023 3:22:09 AM	Gathering spatial indexes
3/28/2023 3:22:09 AM	Gathering XML indexes
3/28/2023 3:22:09 AM	Gathering Selective XML indexes
3/28/2023 3:22:09 AM	Gathering encrypted triggers
3/28/2023 3:22:09 AM	Gathering triggers
3/28/2023 3:22:09 AM	Gathering encrypted and clr ddl triggers
3/28/2023 3:22:09 AM	Gathering ddl triggers
3/28/2023 3:22:09 AM	Gathering synonyms
3/28/2023 3:22:09 AM	Gathering defaults
3/28/2023 3:22:09 AM	Gathering data constraint uddt bindings
3/28/2023 3:22:09 AM	Gathering rules
3/28/2023 3:22:09 AM	Gathering data constraint uddt bindings
3/28/2023 3:22:09 AM	Gathering message types
3/28/2023 3:22:09 AM	Gathering queues
3/28/2023 3:22:09 AM	Gathering contracts
3/28/2023 3:22:09 AM	Gathering services
3/28/2023 3:22:09 AM	Gathering event notifications
3/28/2023 3:22:09 AM	Gathering remote service bindings
3/28/2023 3:22:09 AM	Gathering broker priorities
3/28/2023 3:22:09 AM	Gathering signatures
3/28/2023 3:22:09 AM	Gathering data compression options
3/28/2023 3:22:09 AM	Gathering sequence types
3/28/2023 3:22:09 AM	Gathering extended properties
3/28/2023 3:22:09 AM	Gathering credentials
3/28/2023 3:22:09 AM	Gathering logins
3/28/2023 3:22:09 AM	Gathering server audits
3/28/2023 3:22:09 AM	Scanning project for duplicate elements
3/28/2023 3:22:09 AM	Finished duplicate element processing
3/28/2023 3:22:10 AM	Finished importing database.
3/28/2023 3:22:10 AM	A summary of the import was saved to the following location: D:\My Project\Saranga's friend Project\ECOMSYSTEM\ECOMSYSTEM.Database\Import Schema Logs\ECOMSYSTEM.Database_20230327095205.log
3/28/2023 3:22:10 AM	Click Finish to continue...
